<?xml version="1.0" encoding="UTF-8"?>
<!-- Generated by org.testng.reporters.JUnitXMLReporter -->
<testsuite ignored="0" hostname="Anshuls-MacBook-M3.local" failures="1" tests="1" name="Facebook Login Test" time="0.228" errors="0" timestamp="2024-01-25T22:49:38 IST">
  <testcase classname="TestNGExtent.LoginTest" name="LoginTest" time="0.006">
    <failure type="java.lang.AssertionError" message="expected [Facebook HomePage] but found [Facebook Login]">
      <![CDATA[java.lang.AssertionError: expected [Facebook HomePage] but found [Facebook Login]
at TestNGExtent.LoginTest.LoginTest(LoginTest.java:43)
at java.base/java.util.ArrayList.forEach(ArrayList.java:1596)
... Removed 31 stack frames]]>
    </failure>
  </testcase> <!-- LoginTest -->
</testsuite> <!-- Facebook Login Test -->
