<html>
<head>
<title>TestNG:  Sell Stocks in Portfolio</title>
<link href="../testng.css" rel="stylesheet" type="text/css" />
<link href="../my-testng.css" rel="stylesheet" type="text/css" />

<style type="text/css">
.log { display: none;} 
.stack-trace { display: none;} 
</style>
<script type="text/javascript">
<!--
function flip(e) {
  current = e.style.display;
  if (current == 'block') {
    e.style.display = 'none';
    return 0;
  }
  else {
    e.style.display = 'block';
    return 1;
  }
}

function toggleBox(szDivId, elem, msg1, msg2)
{
  var res = -1;  if (document.getElementById) {
    res = flip(document.getElementById(szDivId));
  }
  else if (document.all) {
    // this is the way old msie versions work
    res = flip(document.all[szDivId]);
  }
  if(elem) {
    if(res == 0) elem.innerHTML = msg1; else elem.innerHTML = msg2;
  }

}

function toggleAllBoxes() {
  if (document.getElementsByTagName) {
    d = document.getElementsByTagName('div');
    for (i = 0; i < d.length; i++) {
      if (d[i].className == 'log') {
        flip(d[i]);
      }
    }
  }
}

// -->
</script>

</head>
<body>
<h2 align='center'>Sell Stocks in Portfolio</h2><table border='1' align="center">
<tr>
<td>Tests passed/Failed/Skipped:</td><td>5/1/0</td>
</tr><tr>
<td>Started on:</td><td>Sun Apr 21 11:19:50 IST 2024</td>
</tr>
<tr><td>Total time:</td><td>271 seconds (271546 ms)</td>
</tr><tr>
<td>Included groups:</td><td></td>
</tr><tr>
<td>Excluded groups:</td><td></td>
</tr>
</table><p/>
<small><i>(Hover the method name to see the test class name)</i></small><p/>
<table width='100%' border='1' class='invocation-failed'>
<tr><td colspan='4' align='center'><b>FAILED CONFIGURATIONS</b></td></tr>
<tr><td><b>Test method</b></td>
<td><b>Attribute(s)</b></td>
<td width="30%"><b>Exception</b></td>
<td width="10%"><b>Time (seconds)</b></td>
<td><b>Instance</b></td>
</tr>
<tr>
<td title='testcasesrediffPortfolio.ManageStocksTest.afterMethod()'><b>afterMethod</b><br>Test class: testcasesrediffPortfolio.ManageStocksTest<br>Parameters: org.testng.TestRunner@4d499d65</td>
<td><div><pre>java.lang.AssertionError: The following asserts failed:
	Got changed quantity in transaction history as -100
	at keywords.GenericKeywords.reportAll(GenericKeywords.java:105)
	at testbase.BaseTest.afterMethod(BaseTest.java:74)
	at java.base/java.util.ArrayList.forEach(ArrayList.java:1596)
	at runner.TestNGRunner.run(TestNGRunner.java:45)
	at runner.JSONRunner.main(JSONRunner.java:104)
... Removed 29 stack frames</pre></div><a href='#' onClick='toggleBox("stack-trace1115349385", this, "Click to show all stack frames", "Click to hide stack frames")'>Click to show all stack frames</a>
<div class='stack-trace' id='stack-trace1115349385'><pre>java.lang.AssertionError: The following asserts failed:
	Got changed quantity in transaction history as -100
	at org.testng.asserts.SoftAssert.assertAll(SoftAssert.java:46)
	at org.testng.asserts.SoftAssert.assertAll(SoftAssert.java:30)
	at keywords.GenericKeywords.reportAll(GenericKeywords.java:105)
	at testbase.BaseTest.afterMethod(BaseTest.java:74)
	at java.base/jdk.internal.reflect.DirectMethodHandleAccessor.invoke(DirectMethodHandleAccessor.java:103)
	at java.base/java.lang.reflect.Method.invoke(Method.java:580)
	at org.testng.internal.invokers.MethodInvocationHelper.invokeMethod(MethodInvocationHelper.java:139)
	at org.testng.internal.invokers.MethodInvocationHelper.invokeMethodConsideringTimeout(MethodInvocationHelper.java:69)
	at org.testng.internal.invokers.ConfigInvoker.invokeConfigurationMethod(ConfigInvoker.java:393)
	at org.testng.internal.invokers.ConfigInvoker.invokeConfigurations(ConfigInvoker.java:326)
	at org.testng.internal.invokers.TestInvoker.runConfigMethods(TestInvoker.java:810)
	at org.testng.internal.invokers.TestInvoker.runAfterConfigurations(TestInvoker.java:779)
	at org.testng.internal.invokers.TestInvoker.invokeMethod(TestInvoker.java:755)
	at org.testng.internal.invokers.TestInvoker.invokeTestMethod(TestInvoker.java:228)
	at org.testng.internal.invokers.MethodRunner.runInSequence(MethodRunner.java:63)
	at org.testng.internal.invokers.TestInvoker$MethodInvocationAgent.invoke(TestInvoker.java:961)
	at org.testng.internal.invokers.TestInvoker.invokeTestMethods(TestInvoker.java:201)
	at org.testng.internal.invokers.TestMethodWorker.invokeTestMethods(TestMethodWorker.java:148)
	at org.testng.internal.invokers.TestMethodWorker.run(TestMethodWorker.java:128)
	at java.base/java.util.ArrayList.forEach(ArrayList.java:1596)
	at org.testng.TestRunner.privateRun(TestRunner.java:819)
	at org.testng.TestRunner.run(TestRunner.java:619)
	at org.testng.SuiteRunner.runTest(SuiteRunner.java:443)
	at org.testng.SuiteRunner.runSequentially(SuiteRunner.java:437)
	at org.testng.SuiteRunner.privateRun(SuiteRunner.java:397)
	at org.testng.SuiteRunner.run(SuiteRunner.java:336)
	at org.testng.SuiteRunnerWorker.runSuite(SuiteRunnerWorker.java:52)
	at org.testng.SuiteRunnerWorker.run(SuiteRunnerWorker.java:95)
	at org.testng.TestNG.runSuitesSequentially(TestNG.java:1301)
	at org.testng.TestNG.runSuitesLocally(TestNG.java:1228)
	at org.testng.TestNG.runSuites(TestNG.java:1134)
	at org.testng.TestNG.run(TestNG.java:1101)
	at runner.TestNGRunner.run(TestNGRunner.java:45)
	at runner.JSONRunner.main(JSONRunner.java:104)
</pre></div></td>
<td>0</td>
<td>testcasesrediffPortfolio.ManageStocksTest@687080dc</td></tr>
</table><p>
<table width='100%' border='1' class='invocation-failed'>
<tr><td colspan='4' align='center'><b>FAILED TESTS</b></td></tr>
<tr><td><b>Test method</b></td>
<td><b>Attribute(s)</b></td>
<td width="30%"><b>Exception</b></td>
<td width="10%"><b>Time (seconds)</b></td>
<td><b>Instance</b></td>
</tr>
<tr>
<td title='testcasesrediffPortfolio.ManageStocksTest.verifyTransactionHistory()'><b>verifyTransactionHistory</b><br>Test class: testcasesrediffPortfolio.ManageStocksTest<br>Parameters: sellStock, org.testng.TestRunner@4d499d65</td>
<td><div><pre>java.lang.AssertionError: The following asserts failed:
	Got changed quantity in transaction history as -100
	at keywords.GenericKeywords.reportAll(GenericKeywords.java:105)
	at keywords.GenericKeywords.reportFailure(GenericKeywords.java:94)
	at testcasesrediffPortfolio.ManageStocksTest.verifyTransactionHistory(ManageStocksTest.java:80)
	at java.base/java.util.ArrayList.forEach(ArrayList.java:1596)
	at runner.TestNGRunner.run(TestNGRunner.java:45)
	at runner.JSONRunner.main(JSONRunner.java:104)
... Removed 24 stack frames</pre></div><a href='#' onClick='toggleBox("stack-trace1069163325", this, "Click to show all stack frames", "Click to hide stack frames")'>Click to show all stack frames</a>
<div class='stack-trace' id='stack-trace1069163325'><pre>java.lang.AssertionError: The following asserts failed:
	Got changed quantity in transaction history as -100
	at org.testng.asserts.SoftAssert.assertAll(SoftAssert.java:46)
	at org.testng.asserts.SoftAssert.assertAll(SoftAssert.java:30)
	at keywords.GenericKeywords.reportAll(GenericKeywords.java:105)
	at keywords.GenericKeywords.reportFailure(GenericKeywords.java:94)
	at testcasesrediffPortfolio.ManageStocksTest.verifyTransactionHistory(ManageStocksTest.java:80)
	at java.base/jdk.internal.reflect.DirectMethodHandleAccessor.invoke(DirectMethodHandleAccessor.java:103)
	at java.base/java.lang.reflect.Method.invoke(Method.java:580)
	at org.testng.internal.invokers.MethodInvocationHelper.invokeMethod(MethodInvocationHelper.java:139)
	at org.testng.internal.invokers.TestInvoker.invokeMethod(TestInvoker.java:664)
	at org.testng.internal.invokers.TestInvoker.invokeTestMethod(TestInvoker.java:228)
	at org.testng.internal.invokers.MethodRunner.runInSequence(MethodRunner.java:63)
	at org.testng.internal.invokers.TestInvoker$MethodInvocationAgent.invoke(TestInvoker.java:961)
	at org.testng.internal.invokers.TestInvoker.invokeTestMethods(TestInvoker.java:201)
	at org.testng.internal.invokers.TestMethodWorker.invokeTestMethods(TestMethodWorker.java:148)
	at org.testng.internal.invokers.TestMethodWorker.run(TestMethodWorker.java:128)
	at java.base/java.util.ArrayList.forEach(ArrayList.java:1596)
	at org.testng.TestRunner.privateRun(TestRunner.java:819)
	at org.testng.TestRunner.run(TestRunner.java:619)
	at org.testng.SuiteRunner.runTest(SuiteRunner.java:443)
	at org.testng.SuiteRunner.runSequentially(SuiteRunner.java:437)
	at org.testng.SuiteRunner.privateRun(SuiteRunner.java:397)
	at org.testng.SuiteRunner.run(SuiteRunner.java:336)
	at org.testng.SuiteRunnerWorker.runSuite(SuiteRunnerWorker.java:52)
	at org.testng.SuiteRunnerWorker.run(SuiteRunnerWorker.java:95)
	at org.testng.TestNG.runSuitesSequentially(TestNG.java:1301)
	at org.testng.TestNG.runSuitesLocally(TestNG.java:1228)
	at org.testng.TestNG.runSuites(TestNG.java:1134)
	at org.testng.TestNG.run(TestNG.java:1101)
	at runner.TestNGRunner.run(TestNGRunner.java:45)
	at runner.JSONRunner.main(JSONRunner.java:104)
</pre></div></td>
<td>36</td>
<td>testcasesrediffPortfolio.ManageStocksTest@687080dc</td></tr>
</table><p>
<table width='100%' border='1' class='invocation-passed'>
<tr><td colspan='4' align='center'><b>PASSED TESTS</b></td></tr>
<tr><td><b>Test method</b></td>
<td><b>Attribute(s)</b></td>
<td width="30%"><b>Exception</b></td>
<td width="10%"><b>Time (seconds)</b></td>
<td><b>Instance</b></td>
</tr>
<tr>
<td title='testcasesrediffPortfolio.ManagePortfolioTest.selectPortfolio()'><b>selectPortfolio</b><br>Test class: testcasesrediffPortfolio.ManagePortfolioTest</td>
<td></td>
<td>17</td>
<td>testcasesrediffPortfolio.ManagePortfolioTest@38bc8ab5</td></tr>
<tr>
<td title='testcasesrediffPortfolio.ManageStocksTest.verifyStockIsPresent()'><b>verifyStockIsPresent</b><br>Test class: testcasesrediffPortfolio.ManageStocksTest<br>Parameters: org.testng.TestRunner@4d499d65</td>
<td></td>
<td>31</td>
<td>testcasesrediffPortfolio.ManageStocksTest@687080dc</td></tr>
<tr>
<td title='testcasesrediffPortfolio.ManageSessionTest.doLogin()'><b>doLogin</b><br>Test class: testcasesrediffPortfolio.ManageSessionTest</td>
<td></td>
<td>83</td>
<td>testcasesrediffPortfolio.ManageSessionTest@6b9651f3</td></tr>
<tr>
<td title='testcasesrediffPortfolio.ManageStocksTest.modifyStock()'><b>modifyStock</b><br>Test class: testcasesrediffPortfolio.ManageStocksTest<br>Parameters: sellStock, org.testng.TestRunner@4d499d65</td>
<td></td>
<td>70</td>
<td>testcasesrediffPortfolio.ManageStocksTest@687080dc</td></tr>
<tr>
<td title='testcasesrediffPortfolio.ManageStocksTest.verifyStockQuantity()'><b>verifyStockQuantity</b><br>Test class: testcasesrediffPortfolio.ManageStocksTest<br>Parameters: sellStock, org.testng.TestRunner@4d499d65</td>
<td></td>
<td>31</td>
<td>testcasesrediffPortfolio.ManageStocksTest@687080dc</td></tr>
</table><p>
</body>
</html>